$ java -jar build/libs/contaazul-mars-robot-0.1.0.jar

  .   ____          _            __ _ _
 /\\ / ___'_ __ _ _(_)_ __  __ _ \ \ \ \
( ( )\___ | '_ | '_| | '_ \/ _` | \ \ \ \
 \\/  ___)| |_)| | | | | || (_| |  ) ) ) )
  '  |____| .__|_| |_|_| |_\__, | / / / /
 =========|_|==============|___/=/_/_/_/
 :: Spring Boot ::        (v1.5.1.RELEASE)

2017-02-13 00:31:54.794  INFO 21044 --- [           main] mars.Application                         : Starting Application on tormenta with PID 21044 (/home/lorandi/jobs/contaazul/desafio/contaazul-challenge/build/libs/contaazul-mars-robot-0.1.0.jar started by lorandi in /home/lorandi/jobs/contaazul/desafio/contaazul-challenge)
2017-02-13 00:31:54.802  INFO 21044 --- [           main] mars.Application                         : No active profile set, falling back to default profiles: default
2017-02-13 00:31:54.953  INFO 21044 --- [           main] ationConfigEmbeddedWebApplicationContext : Refreshing org.springframework.boot.context.embedded.AnnotationConfigEmbeddedWebApplicationContext@4b9af9a9: startup date [Mon Feb 13 00:31:54 BRST 2017]; root of context hierarchy
2017-02-13 00:31:56.459  INFO 21044 --- [           main] trationDelegate$BeanPostProcessorChecker : Bean 'org.springframework.boot.autoconfigure.validation.ValidationAutoConfiguration' of type [class org.springframework.boot.autoconfigure.validation.ValidationAutoConfiguration] is not eligible for getting processed by all BeanPostProcessors (for example: not eligible for auto-proxying)
2017-02-13 00:31:56.560  INFO 21044 --- [           main] trationDelegate$BeanPostProcessorChecker : Bean 'validator' of type [class org.springframework.validation.beanvalidation.LocalValidatorFactoryBean] is not eligible for getting processed by all BeanPostProcessors (for example: not eligible for auto-proxying)
2017-02-13 00:31:57.049  INFO 21044 --- [           main] s.b.c.e.t.TomcatEmbeddedServletContainer : Tomcat initialized with port(s): 8080 (http)
2017-02-13 00:31:57.073  INFO 21044 --- [           main] o.apache.catalina.core.StandardService   : Starting service Tomcat
2017-02-13 00:31:57.075  INFO 21044 --- [           main] org.apache.catalina.core.StandardEngine  : Starting Servlet Engine: Apache Tomcat/8.5.11
2017-02-13 00:31:57.222  INFO 21044 --- [ost-startStop-1] o.a.c.c.C.[Tomcat].[localhost].[/]       : Initializing Spring embedded WebApplicationContext
2017-02-13 00:31:57.222  INFO 21044 --- [ost-startStop-1] o.s.web.context.ContextLoader            : Root WebApplicationContext: initialization completed in 2274 ms
2017-02-13 00:31:57.437  INFO 21044 --- [ost-startStop-1] o.s.b.w.servlet.ServletRegistrationBean  : Mapping servlet: 'dispatcherServlet' to [/]
2017-02-13 00:31:57.445  INFO 21044 --- [ost-startStop-1] o.s.b.w.servlet.FilterRegistrationBean   : Mapping filter: 'characterEncodingFilter' to: [/*]
2017-02-13 00:31:57.446  INFO 21044 --- [ost-startStop-1] o.s.b.w.servlet.FilterRegistrationBean   : Mapping filter: 'hiddenHttpMethodFilter' to: [/*]
2017-02-13 00:31:57.446  INFO 21044 --- [ost-startStop-1] o.s.b.w.servlet.FilterRegistrationBean   : Mapping filter: 'httpPutFormContentFilter' to: [/*]
2017-02-13 00:31:57.447  INFO 21044 --- [ost-startStop-1] o.s.b.w.servlet.FilterRegistrationBean   : Mapping filter: 'requestContextFilter' to: [/*]
2017-02-13 00:31:58.047  INFO 21044 --- [           main] s.w.s.m.m.a.RequestMappingHandlerAdapter : Looking for @ControllerAdvice: org.springframework.boot.context.embedded.AnnotationConfigEmbeddedWebApplicationContext@4b9af9a9: startup date [Mon Feb 13 00:31:54 BRST 2017]; root of context hierarchy
2017-02-13 00:31:58.172  INFO 21044 --- [           main] s.w.s.m.m.a.RequestMappingHandlerMapping : Mapped "{[/rest/mars],methods=[GET],produces=[text/plain]}" onto public java.lang.String mars.RobotController.robotGetNoCommand()
2017-02-13 00:31:58.174  INFO 21044 --- [           main] s.w.s.m.m.a.RequestMappingHandlerMapping : Mapped "{[/rest/mars],methods=[POST],produces=[text/plain]}" onto public java.lang.String mars.RobotController.robotPostNoCommand()
2017-02-13 00:31:58.174  INFO 21044 --- [           main] s.w.s.m.m.a.RequestMappingHandlerMapping : Mapped "{[/rest/mars/{commands}],methods=[POST],produces=[text/plain]}" onto public org.springframework.http.ResponseEntity<java.lang.String> mars.RobotController.robotPostCommand(java.lang.String)
2017-02-13 00:31:58.180  INFO 21044 --- [           main] s.w.s.m.m.a.RequestMappingHandlerMapping : Mapped "{[/error],produces=[text/html]}" onto public org.springframework.web.servlet.ModelAndView org.springframework.boot.autoconfigure.web.BasicErrorController.errorHtml(javax.servlet.http.HttpServletRequest,javax.servlet.http.HttpServletResponse)
2017-02-13 00:31:58.180  INFO 21044 --- [           main] s.w.s.m.m.a.RequestMappingHandlerMapping : Mapped "{[/error]}" onto public org.springframework.http.ResponseEntity<java.util.Map<java.lang.String, java.lang.Object>> org.springframework.boot.autoconfigure.web.BasicErrorController.error(javax.servlet.http.HttpServletRequest)
2017-02-13 00:31:58.252  INFO 21044 --- [           main] o.s.w.s.handler.SimpleUrlHandlerMapping  : Mapped URL path [/webjars/**] onto handler of type [class org.springframework.web.servlet.resource.ResourceHttpRequestHandler]
2017-02-13 00:31:58.253  INFO 21044 --- [           main] o.s.w.s.handler.SimpleUrlHandlerMapping  : Mapped URL path [/**] onto handler of type [class org.springframework.web.servlet.resource.ResourceHttpRequestHandler]
2017-02-13 00:31:58.317  INFO 21044 --- [           main] o.s.w.s.handler.SimpleUrlHandlerMapping  : Mapped URL path [/**/favicon.ico] onto handler of type [class org.springframework.web.servlet.resource.ResourceHttpRequestHandler]
2017-02-13 00:31:58.562  INFO 21044 --- [           main] o.s.j.e.a.AnnotationMBeanExporter        : Registering beans for JMX exposure on startup
2017-02-13 00:31:58.654  INFO 21044 --- [           main] s.b.c.e.t.TomcatEmbeddedServletContainer : Tomcat started on port(s): 8080 (http)
2017-02-13 00:31:58.661  INFO 21044 --- [           main] mars.Application                         : Started Application in 4.432 seconds (JVM running for 5.554)

